# JRE version: OpenJDK Runtime Environment Temurin-17.0.19+10 (17.0.19+10) (build 17.0.19+10)
# Java VM: OpenJDK 64-Bit Server VM Temurin-17.0.19+10 (17.0.19+10, mixed mode, sharing, tiered, compressed oops, compressed class ptrs, g1 gc, windows-amd64)
GC Precious Log:
 CPUs: 8 total, 8 available
 Memory: 7932M
 Large Page Support: Disabled
 NUMA Support: Disabled
 Compressed Oops: Enabled (32-bit)
 Heap Region Size: 1M
 Heap Min Capacity: 8M
 Heap Initial Capacity: 124M
 Heap Max Capacity: 1G
 Pre-touch: Disabled
 Parallel Workers: 8
 Concurrent Workers: 2
 Concurrent Refinement Workers: 8
 Periodic GC: Disabled
Heap:
 garbage-first heap   total 112640K, used 60192K [0x00000000c0000000, 0x0000000100000000)
  region size 1024K, 11 young (11264K), 0 survivors (0K)
 Metaspace       used 79101K, committed 80000K, reserved 1179648K
  class space    used 9468K, committed 9792K, reserved 1048576K
GC Heap History (20 events):
Event: 16.536 GC heap after
{Heap after GC invocations=9 (full 0):
 garbage-first heap   total 112640K, used 41576K [0x00000000c0000000, 0x0000000100000000)
  region size 1024K, 6 young (6144K), 6 survivors (6144K)
 Metaspace       used 44640K, committed 45120K, reserved 1114112K
  class space    used 5457K, committed 5696K, reserved 1048576K
}
Event: 17.527 GC heap before
{Heap before GC invocations=9 (full 0):
 garbage-first heap   total 112640K, used 83560K [0x00000000c0000000, 0x0000000100000000)
  region size 1024K, 48 young (49152K), 6 survivors (6144K)
 Metaspace       used 52835K, committed 53312K, reserved 1114112K
  class space    used 6186K, committed 6400K, reserved 1048576K
}
Event: 17.534 GC heap after
{Heap after GC invocations=10 (full 0):
 garbage-first heap   total 112640K, used 43335K [0x00000000c0000000, 0x0000000100000000)
  region size 1024K, 2 young (2048K), 2 survivors (2048K)
 Metaspace       used 52835K, committed 53312K, reserved 1114112K
  class space    used 6186K, committed 6400K, reserved 1048576K
}
Event: 18.812 GC heap before
{Heap before GC invocations=10 (full 0):
 garbage-first heap   total 112640K, used 72007K [0x00000000c0000000, 0x0000000100000000)
  region size 1024K, 31 young (31744K), 2 survivors (2048K)
 Metaspace       used 59650K, committed 60160K, reserved 1114112K
  class space    used 7107K, committed 7360K, reserved 1048576K
}
Event: 18.817 GC heap after
{Heap after GC invocations=11 (full 0):
 garbage-first heap   total 112640K, used 46072K [0x00000000c0000000, 0x0000000100000000)
  region size 1024K, 5 young (5120K), 5 survivors (5120K)
 Metaspace       used 59650K, committed 60160K, reserved 1114112K
  class space    used 7107K, committed 7360K, reserved 1048576K
}
Event: 21.561 GC heap before
{Heap before GC invocations=12 (full 0):
 garbage-first heap   total 112640K, used 87032K [0x00000000c0000000, 0x0000000100000000)
  region size 1024K, 45 young (46080K), 5 survivors (5120K)
 Metaspace       used 66071K, committed 66624K, reserved 1114112K
  class space    used 8075K, committed 8320K, reserved 1048576K
}
Event: 21.568 GC heap after
{Heap after GC invocations=13 (full 0):
 garbage-first heap   total 112640K, used 49395K [0x00000000c0000000, 0x0000000100000000)
  region size 1024K, 6 young (6144K), 6 survivors (6144K)
 Metaspace       used 66071K, committed 66624K, reserved 1114112K
  class space    used 8075K, committed 8320K, reserved 1048576K
}
Event: 25.515 GC heap before
{Heap before GC invocations=13 (full 0):
 garbage-first heap   total 112640K, used 88307K [0x00000000c0000000, 0x0000000100000000)
  region size 1024K, 44 young (45056K), 6 survivors (6144K)
 Metaspace       used 74997K, committed 75520K, reserved 1179648K
  class space    used 9060K, committed 9344K, reserved 1048576K
}
Event: 25.521 GC heap after
{Heap after GC invocations=14 (full 0):
 garbage-first heap   total 112640K, used 53398K [0x00000000c0000000, 0x0000000100000000)
  region size 1024K, 4 young (4096K), 4 survivors (4096K)
 Metaspace       used 74997K, committed 75520K, reserved 1179648K
  class space    used 9060K, committed 9344K, reserved 1048576K
}
Event: 1815.923 GC heap before
{Heap before GC invocations=14 (full 0):
 garbage-first heap   total 112640K, used 86166K [0x00000000c0000000, 0x0000000100000000)
  region size 1024K, 37 young (37888K), 4 survivors (4096K)
 Metaspace       used 79385K, committed 79936K, reserved 1179648K
  class space    used 9541K, committed 9792K, reserved 1048576K
}
Event: 1821.794 GC heap after
{Heap after GC invocations=15 (full 1):
 garbage-first heap   total 112640K, used 52025K [0x00000000c0000000, 0x0000000100000000)
  region size 1024K, 0 young (0K), 0 survivors (0K)
 Metaspace       used 79385K, committed 79936K, reserved 1179648K
  class space    used 9541K, committed 9792K, reserved 1048576K
}
Event: 3615.892 GC heap before
{Heap before GC invocations=15 (full 1):
 garbage-first heap   total 112640K, used 62265K [0x00000000c0000000, 0x0000000100000000)
  region size 1024K, 11 young (11264K), 0 survivors (0K)
 Metaspace       used 79418K, committed 80000K, reserved 1179648K
  class space    used 9541K, committed 9792K, reserved 1048576K
}
Event: 3616.811 GC heap after
{Heap after GC invocations=16 (full 2):
 garbage-first heap   total 112640K, used 49831K [0x00000000c0000000, 0x0000000100000000)
  region size 1024K, 0 young (0K), 0 survivors (0K)
 Metaspace       used 79086K, committed 80000K, reserved 1179648K
  class space    used 9468K, committed 9792K, reserved 1048576K
}
Event: 5415.898 GC heap before
{Heap before GC invocations=16 (full 2):
 garbage-first heap   total 112640K, used 60071K [0x00000000c0000000, 0x0000000100000000)
  region size 1024K, 11 young (11264K), 0 survivors (0K)
 Metaspace       used 79090K, committed 80000K, reserved 1179648K
  class space    used 9468K, committed 9792K, reserved 1048576K
}
Event: 5416.280 GC heap after
{Heap after GC invocations=17 (full 3):
 garbage-first heap   total 112640K, used 49951K [0x00000000c0000000, 0x0000000100000000)
  region size 1024K, 0 young (0K), 0 survivors (0K)
 Metaspace       used 79090K, committed 80000K, reserved 1179648K
  class space    used 9468K, committed 9792K, reserved 1048576K
}
Event: 7215.888 GC heap before
{Heap before GC invocations=17 (full 3):
 garbage-first heap   total 112640K, used 60191K [0x00000000c0000000, 0x0000000100000000)
  region size 1024K, 11 young (11264K), 0 survivors (0K)
 Metaspace       used 79101K, committed 80000K, reserved 1179648K
  class space    used 9468K, committed 9792K, reserved 1048576K
}
Event: 7216.354 GC heap after
{Heap after GC invocations=18 (full 4):
 garbage-first heap   total 112640K, used 49952K [0x00000000c0000000, 0x0000000100000000)
  region size 1024K, 0 young (0K), 0 survivors (0K)
 Metaspace       used 79101K, committed 80000K, reserved 1179648K
  class space    used 9468K, committed 9792K, reserved 1048576K
}
Event: 9015.888 GC heap before
{Heap before GC invocations=18 (full 4):
 garbage-first heap   total 112640K, used 60192K [0x00000000c0000000, 0x0000000100000000)
  region size 1024K, 11 young (11264K), 0 survivors (0K)
 Metaspace       used 79101K, committed 80000K, reserved 1179648K
  class space    used 9468K, committed 9792K, reserved 1048576K
}
Event: 9016.348 GC heap after
{Heap after GC invocations=19 (full 5):
 garbage-first heap   total 112640K, used 49952K [0x00000000c0000000, 0x0000000100000000)
  region size 1024K, 0 young (0K), 0 survivors (0K)
 Metaspace       used 79101K, committed 80000K, reserved 1179648K
  class space    used 9468K, committed 9792K, reserved 1048576K
}
Event: 10816.325 GC heap before
{Heap before GC invocations=19 (full 5):
 garbage-first heap   total 112640K, used 60192K [0x00000000c0000000, 0x0000000100000000)
  region size 1024K, 11 young (11264K), 0 survivors (0K)
 Metaspace       used 79101K, committed 80000K, reserved 1179648K
  class space    used 9468K, committed 9792K, reserved 1048576K
}

